<?xml version="1.0" encoding="UTF-8"?>
<testsuite xmlns:xsi="http://www.w3.org/2001/XMLSchema-instance" xsi:noNamespaceSchemaLocation="https://maven.apache.org/surefire/maven-surefire-plugin/xsd/surefire-test-report-3.0.xsd" version="3.0" name="com.scme.messenger.ScmeMessengerApplicationTests" time="3.823" tests="1" errors="0" skipped="0" failures="0">
  <properties>
[...]
</properties>
  <testcase name="contextLoads" classname="com.scme.messenger.ScmeMessengerApplicationTests" time="0.332">
    <system-out><![CDATA[03:29:50.920 [main] INFO org.springframework.test.context.support.AnnotationConfigContextLoaderUtils -- Could not detect default configuration classes for test class [com.scme.messenger.ScmeMessengerApplicationTests]: ScmeMessengerApplicationTests does not declare any static, non-private, non-final, nested classes annotated with @Configuration.
03:29:50.976 [main] INFO org.springframework.boot.test.context.SpringBootTestContextBootstrapper -- Found @SpringBootConfiguration com.scme.messenger.ScmeMessengerApplication for test class com.scme.messenger.ScmeMessengerApplicationTests
03:29:51.050 [main] INFO org.springframework.boot.devtools.restart.RestartApplicationListener -- Restart disabled due to context in which it is running

  .   ____          _            __ _ _
 /\\ / ___'_ __ _ _(_)_ __  __ _ \ \ \ \
( ( )\___ | '_ | '_| | '_ \/ _` | \ \ \ \
 \\/  ___)| |_)| | | | | || (_| |  ) ) ) )
  '  |____| .__|_| |_|_| |_\__, | / / / /
 =========|_|==============|___/=/_/_/_/
 :: Spring Boot ::                (v3.2.3)

2024-04-09T03:29:51.157+02:00  WARN 28390 --- [messenger] [           main] ory$DuplicateJsonObjectContextCustomizer : 

Found multiple occurrences of org.json.JSONObject on the class path:

	jar:file:/Users/hashemzerei/.m2/repository/com/vaadin/external/google/android-json/0.0.20131108.vaadin1/android-json-0.0.20131108.vaadin1.jar!/org/json/JSONObject.class
	jar:file:/Users/hashemzerei/.m2/repository/org/json/json/20240303/json-20240303.jar!/org/json/JSONObject.class

You may wish to exclude one of them to ensure predictable runtime behavior

2024-04-09T03:29:51.169+02:00  INFO 28390 --- [messenger] [           main] c.s.m.ScmeMessengerApplicationTests      : Starting ScmeMessengerApplicationTests using Java 21.0.2 with PID 28390 (started by hashemzerei in /Users/hashemzerei/Documents/workspace-spring-tool-suite-4-4.19.0.RELEASE/scme-messenger)
2024-04-09T03:29:51.170+02:00  INFO 28390 --- [messenger] [           main] c.s.m.ScmeMessengerApplicationTests      : No active profile set, falling back to 1 default profile: "default"
2024-04-09T03:29:51.643+02:00  INFO 28390 --- [messenger] [           main] .s.d.r.c.RepositoryConfigurationDelegate : Bootstrapping Spring Data JPA repositories in DEFAULT mode.
2024-04-09T03:29:51.678+02:00  INFO 28390 --- [messenger] [           main] .s.d.r.c.RepositoryConfigurationDelegate : Finished Spring Data repository scanning in 30 ms. Found 2 JPA repository interfaces.
2024-04-09T03:29:51.959+02:00  INFO 28390 --- [messenger] [           main] com.zaxxer.hikari.HikariDataSource       : HikariPool-1 - Starting...
2024-04-09T03:29:52.111+02:00  INFO 28390 --- [messenger] [           main] com.zaxxer.hikari.pool.HikariPool        : HikariPool-1 - Added connection org.postgresql.jdbc.PgConnection@689faf79
2024-04-09T03:29:52.115+02:00  INFO 28390 --- [messenger] [           main] com.zaxxer.hikari.HikariDataSource       : HikariPool-1 - Start completed.
2024-04-09T03:29:52.353+02:00  INFO 28390 --- [messenger] [           main] o.hibernate.jpa.internal.util.LogHelper  : HHH000204: Processing PersistenceUnitInfo [name: default]
2024-04-09T03:29:52.391+02:00  INFO 28390 --- [messenger] [           main] org.hibernate.Version                    : HHH000412: Hibernate ORM core version 6.4.4.Final
2024-04-09T03:29:52.409+02:00  INFO 28390 --- [messenger] [           main] o.h.c.internal.RegionFactoryInitiator    : HHH000026: Second-level cache disabled
2024-04-09T03:29:52.520+02:00  INFO 28390 --- [messenger] [           main] o.s.o.j.p.SpringPersistenceUnitInfo      : No LoadTimeWeaver setup: ignoring JPA class transformer
2024-04-09T03:29:52.552+02:00  WARN 28390 --- [messenger] [           main] org.hibernate.orm.deprecation            : HHH90000025: PostgreSQLDialect does not need to be specified explicitly using 'hibernate.dialect' (remove the property setting and it will be selected by default)
2024-04-09T03:29:52.758+02:00  WARN 28390 --- [messenger] [           main] org.hibernate.mapping.RootClass          : HHH000038: Composite-id class does not override equals(): com.scme.messenger.model.composite.ChatID
2024-04-09T03:29:52.758+02:00  WARN 28390 --- [messenger] [           main] org.hibernate.mapping.RootClass          : HHH000039: Composite-id class does not override hashCode(): com.scme.messenger.model.composite.ChatID
2024-04-09T03:29:52.758+02:00  WARN 28390 --- [messenger] [           main] org.hibernate.mapping.RootClass          : HHH000038: Composite-id class does not override equals(): com.scme.messenger.model.composite.GroupMessageID
2024-04-09T03:29:52.758+02:00  WARN 28390 --- [messenger] [           main] org.hibernate.mapping.RootClass          : HHH000039: Composite-id class does not override hashCode(): com.scme.messenger.model.composite.GroupMessageID
2024-04-09T03:29:52.759+02:00  WARN 28390 --- [messenger] [           main] org.hibernate.mapping.RootClass          : HHH000038: Composite-id class does not override equals(): com.scme.messenger.model.composite.CourseID
2024-04-09T03:29:52.759+02:00  WARN 28390 --- [messenger] [           main] org.hibernate.mapping.RootClass          : HHH000039: Composite-id class does not override hashCode(): com.scme.messenger.model.composite.CourseID
2024-04-09T03:29:53.055+02:00  INFO 28390 --- [messenger] [           main] o.h.m.internal.PojoInstantiatorImpl      : HHH000182: No default (no-argument) constructor for class: com.scme.messenger.model.composite.ChatMessageID (class must be instantiated by Interceptor)
2024-04-09T03:29:53.140+02:00  INFO 28390 --- [messenger] [           main] o.h.e.t.j.p.i.JtaPlatformInitiator       : HHH000489: No JTA platform available (set 'hibernate.transaction.jta.platform' to enable JTA platform integration)
2024-04-09T03:29:53.148+02:00  WARN 28390 --- [messenger] [           main] o.h.engine.jdbc.spi.SqlExceptionHelper   : SQL Warning Code: 0, SQLState: 00000
2024-04-09T03:29:53.148+02:00  WARN 28390 --- [messenger] [           main] o.h.engine.jdbc.spi.SqlExceptionHelper   : relation "chat" does not exist, skipping
2024-04-09T03:29:53.148+02:00  WARN 28390 --- [messenger] [           main] o.h.engine.jdbc.spi.SqlExceptionHelper   : SQL Warning Code: 0, SQLState: 00000
2024-04-09T03:29:53.148+02:00  WARN 28390 --- [messenger] [           main] o.h.engine.jdbc.spi.SqlExceptionHelper   : relation "chat" does not exist, skipping
2024-04-09T03:29:53.148+02:00  WARN 28390 --- [messenger] [           main] o.h.engine.jdbc.spi.SqlExceptionHelper   : SQL Warning Code: 0, SQLState: 00000
2024-04-09T03:29:53.148+02:00  WARN 28390 --- [messenger] [           main] o.h.engine.jdbc.spi.SqlExceptionHelper   : relation "chat_message" does not exist, skipping
2024-04-09T03:29:53.149+02:00  WARN 28390 --- [messenger] [           main] o.h.engine.jdbc.spi.SqlExceptionHelper   : SQL Warning Code: 0, SQLState: 00000
2024-04-09T03:29:53.149+02:00  WARN 28390 --- [messenger] [           main] o.h.engine.jdbc.spi.SqlExceptionHelper   : relation "chat_message" does not exist, skipping
2024-04-09T03:29:53.149+02:00  WARN 28390 --- [messenger] [           main] o.h.engine.jdbc.spi.SqlExceptionHelper   : SQL Warning Code: 0, SQLState: 00000
2024-04-09T03:29:53.149+02:00  WARN 28390 --- [messenger] [           main] o.h.engine.jdbc.spi.SqlExceptionHelper   : relation "chat_message" does not exist, skipping
2024-04-09T03:29:53.149+02:00  WARN 28390 --- [messenger] [           main] o.h.engine.jdbc.spi.SqlExceptionHelper   : SQL Warning Code: 0, SQLState: 00000
2024-04-09T03:29:53.149+02:00  WARN 28390 --- [messenger] [           main] o.h.engine.jdbc.spi.SqlExceptionHelper   : relation "course" does not exist, skipping
2024-04-09T03:29:53.150+02:00  WARN 28390 --- [messenger] [           main] o.h.engine.jdbc.spi.SqlExceptionHelper   : SQL Warning Code: 0, SQLState: 00000
2024-04-09T03:29:53.150+02:00  WARN 28390 --- [messenger] [           main] o.h.engine.jdbc.spi.SqlExceptionHelper   : relation "course_user" does not exist, skipping
2024-04-09T03:29:53.150+02:00  WARN 28390 --- [messenger] [           main] o.h.engine.jdbc.spi.SqlExceptionHelper   : SQL Warning Code: 0, SQLState: 00000
2024-04-09T03:29:53.150+02:00  WARN 28390 --- [messenger] [           main] o.h.engine.jdbc.spi.SqlExceptionHelper   : relation "course_user" does not exist, skipping
2024-04-09T03:29:53.150+02:00  WARN 28390 --- [messenger] [           main] o.h.engine.jdbc.spi.SqlExceptionHelper   : SQL Warning Code: 0, SQLState: 00000
2024-04-09T03:29:53.150+02:00  WARN 28390 --- [messenger] [           main] o.h.engine.jdbc.spi.SqlExceptionHelper   : relation "department" does not exist, skipping
2024-04-09T03:29:53.151+02:00  WARN 28390 --- [messenger] [           main] o.h.engine.jdbc.spi.SqlExceptionHelper   : SQL Warning Code: 0, SQLState: 00000
2024-04-09T03:29:53.151+02:00  WARN 28390 --- [messenger] [           main] o.h.engine.jdbc.spi.SqlExceptionHelper   : relation "group_message" does not exist, skipping
2024-04-09T03:29:53.151+02:00  WARN 28390 --- [messenger] [           main] o.h.engine.jdbc.spi.SqlExceptionHelper   : SQL Warning Code: 0, SQLState: 00000
2024-04-09T03:29:53.151+02:00  WARN 28390 --- [messenger] [           main] o.h.engine.jdbc.spi.SqlExceptionHelper   : relation "group_message" does not exist, skipping
2024-04-09T03:29:53.151+02:00  WARN 28390 --- [messenger] [           main] o.h.engine.jdbc.spi.SqlExceptionHelper   : SQL Warning Code: 0, SQLState: 00000
2024-04-09T03:29:53.151+02:00  WARN 28390 --- [messenger] [           main] o.h.engine.jdbc.spi.SqlExceptionHelper   : relation "module_table" does not exist, skipping
2024-04-09T03:29:53.152+02:00  WARN 28390 --- [messenger] [           main] o.h.engine.jdbc.spi.SqlExceptionHelper   : SQL Warning Code: 0, SQLState: 00000
2024-04-09T03:29:53.152+02:00  WARN 28390 --- [messenger] [           main] o.h.engine.jdbc.spi.SqlExceptionHelper   : table "chat" does not exist, skipping
2024-04-09T03:29:53.152+02:00  WARN 28390 --- [messenger] [           main] o.h.engine.jdbc.spi.SqlExceptionHelper   : SQL Warning Code: 0, SQLState: 00000
2024-04-09T03:29:53.152+02:00  WARN 28390 --- [messenger] [           main] o.h.engine.jdbc.spi.SqlExceptionHelper   : table "chat_message" does not exist, skipping
2024-04-09T03:29:53.153+02:00  WARN 28390 --- [messenger] [           main] o.h.engine.jdbc.spi.SqlExceptionHelper   : SQL Warning Code: 0, SQLState: 00000
2024-04-09T03:29:53.153+02:00  WARN 28390 --- [messenger] [           main] o.h.engine.jdbc.spi.SqlExceptionHelper   : table "course" does not exist, skipping
2024-04-09T03:29:53.154+02:00  WARN 28390 --- [messenger] [           main] o.h.engine.jdbc.spi.SqlExceptionHelper   : SQL Warning Code: 0, SQLState: 00000
2024-04-09T03:29:53.154+02:00  WARN 28390 --- [messenger] [           main] o.h.engine.jdbc.spi.SqlExceptionHelper   : table "course_user" does not exist, skipping
2024-04-09T03:29:53.154+02:00  WARN 28390 --- [messenger] [           main] o.h.engine.jdbc.spi.SqlExceptionHelper   : SQL Warning Code: 0, SQLState: 00000
2024-04-09T03:29:53.154+02:00  WARN 28390 --- [messenger] [           main] o.h.engine.jdbc.spi.SqlExceptionHelper   : table "department" does not exist, skipping
2024-04-09T03:29:53.154+02:00  WARN 28390 --- [messenger] [           main] o.h.engine.jdbc.spi.SqlExceptionHelper   : SQL Warning Code: 0, SQLState: 00000
2024-04-09T03:29:53.154+02:00  WARN 28390 --- [messenger] [           main] o.h.engine.jdbc.spi.SqlExceptionHelper   : table "group_message" does not exist, skipping
2024-04-09T03:29:53.154+02:00  WARN 28390 --- [messenger] [           main] o.h.engine.jdbc.spi.SqlExceptionHelper   : SQL Warning Code: 0, SQLState: 00000
2024-04-09T03:29:53.154+02:00  WARN 28390 --- [messenger] [           main] o.h.engine.jdbc.spi.SqlExceptionHelper   : table "module_table" does not exist, skipping
2024-04-09T03:29:53.155+02:00  WARN 28390 --- [messenger] [           main] o.h.engine.jdbc.spi.SqlExceptionHelper   : SQL Warning Code: 0, SQLState: 00000
2024-04-09T03:29:53.155+02:00  WARN 28390 --- [messenger] [           main] o.h.engine.jdbc.spi.SqlExceptionHelper   : table "user-otp" does not exist, skipping
2024-04-09T03:29:53.155+02:00  WARN 28390 --- [messenger] [           main] o.h.engine.jdbc.spi.SqlExceptionHelper   : SQL Warning Code: 0, SQLState: 00000
2024-04-09T03:29:53.155+02:00  WARN 28390 --- [messenger] [           main] o.h.engine.jdbc.spi.SqlExceptionHelper   : table "user_table" does not exist, skipping
2024-04-09T03:29:53.231+02:00  INFO 28390 --- [messenger] [           main] j.LocalContainerEntityManagerFactoryBean : Initialized JPA EntityManagerFactory for persistence unit 'default'
2024-04-09T03:29:53.456+02:00  INFO 28390 --- [messenger] [           main] org.quartz.impl.StdSchedulerFactory      : Using default implementation for ThreadExecutor
2024-04-09T03:29:53.462+02:00  INFO 28390 --- [messenger] [           main] org.quartz.core.SchedulerSignalerImpl    : Initialized Scheduler Signaller of type: class org.quartz.core.SchedulerSignalerImpl
2024-04-09T03:29:53.463+02:00  INFO 28390 --- [messenger] [           main] org.quartz.core.QuartzScheduler          : Quartz Scheduler v.2.3.2 created.
2024-04-09T03:29:53.463+02:00  INFO 28390 --- [messenger] [           main] o.s.s.quartz.LocalDataSourceJobStore     : Using db table-based data access locking (synchronization).
2024-04-09T03:29:53.464+02:00  INFO 28390 --- [messenger] [           main] o.s.s.quartz.LocalDataSourceJobStore     : JobStoreCMT initialized.
2024-04-09T03:29:53.464+02:00  INFO 28390 --- [messenger] [           main] org.quartz.core.QuartzScheduler          : Scheduler meta-data: Quartz Scheduler (v2.3.2) 'quartzScheduler' with instanceId 'NON_CLUSTERED'
  Scheduler class: 'org.quartz.core.QuartzScheduler' - running locally.
  NOT STARTED.
  Currently in standby mode.
  Number of jobs executed: 0
  Using thread pool 'org.quartz.simpl.SimpleThreadPool' - with 10 threads.
  Using job-store 'org.springframework.scheduling.quartz.LocalDataSourceJobStore' - which supports persistence. and is not clustered.

2024-04-09T03:29:53.464+02:00  INFO 28390 --- [messenger] [           main] org.quartz.impl.StdSchedulerFactory      : Quartz scheduler 'quartzScheduler' initialized from an externally provided properties instance.
2024-04-09T03:29:53.465+02:00  INFO 28390 --- [messenger] [           main] org.quartz.impl.StdSchedulerFactory      : Quartz scheduler version: 2.3.2
2024-04-09T03:29:53.465+02:00  INFO 28390 --- [messenger] [           main] org.quartz.core.QuartzScheduler          : JobFactory set to: org.springframework.scheduling.quartz.SpringBeanJobFactory@1e084a26
2024-04-09T03:29:53.555+02:00  WARN 28390 --- [messenger] [           main] JpaBaseConfiguration$JpaWebConfiguration : spring.jpa.open-in-view is enabled by default. Therefore, database queries may be performed during view rendering. Explicitly configure spring.jpa.open-in-view to disable this warning
2024-04-09T03:29:53.714+02:00  INFO 28390 --- [messenger] [           main] o.s.s.web.DefaultSecurityFilterChain     : Will secure any request with [org.springframework.security.web.session.DisableEncodeUrlFilter@6f254d79, org.springframework.security.web.context.request.async.WebAsyncManagerIntegrationFilter@589cc8eb, org.springframework.security.web.context.SecurityContextHolderFilter@2e1b1d22, org.springframework.security.web.header.HeaderWriterFilter@4407f129, org.springframework.web.filter.CorsFilter@44233014, org.springframework.security.web.authentication.logout.LogoutFilter@40cd02fc, com.scme.messenger.filter.JwtAuthenticationFilter@1c0a143, org.springframework.security.web.savedrequest.RequestCacheAwareFilter@5276330a, org.springframework.security.web.servletapi.SecurityContextHolderAwareRequestFilter@221961f2, org.springframework.security.web.authentication.AnonymousAuthenticationFilter@6888a33, org.springframework.security.web.session.SessionManagementFilter@29ec5005, org.springframework.security.web.access.ExceptionTranslationFilter@1142843c, org.springframework.security.web.access.intercept.FilterSecurityInterceptor@2e674698]
2024-04-09T03:29:54.113+02:00  INFO 28390 --- [messenger] [           main] o.s.s.quartz.SchedulerFactoryBean        : Starting Quartz Scheduler now
2024-04-09T03:29:54.133+02:00  INFO 28390 --- [messenger] [           main] o.s.s.quartz.LocalDataSourceJobStore     : Freed 0 triggers from 'acquired' / 'blocked' state.
2024-04-09T03:29:54.138+02:00  INFO 28390 --- [messenger] [           main] o.s.s.quartz.LocalDataSourceJobStore     : Recovering 0 jobs that were in-progress at the time of the last shut-down.
2024-04-09T03:29:54.138+02:00  INFO 28390 --- [messenger] [           main] o.s.s.quartz.LocalDataSourceJobStore     : Recovery complete.
2024-04-09T03:29:54.138+02:00  INFO 28390 --- [messenger] [           main] o.s.s.quartz.LocalDataSourceJobStore     : Removed 0 'complete' triggers.
2024-04-09T03:29:54.138+02:00  INFO 28390 --- [messenger] [           main] o.s.s.quartz.LocalDataSourceJobStore     : Removed 0 stale fired job entries.
2024-04-09T03:29:54.139+02:00  INFO 28390 --- [messenger] [           main] org.quartz.core.QuartzScheduler          : Scheduler quartzScheduler_$_NON_CLUSTERED started.
2024-04-09T03:29:54.146+02:00  INFO 28390 --- [messenger] [           main] c.s.m.ScmeMessengerApplicationTests      : Started ScmeMessengerApplicationTests in 3.103 seconds (process running for 3.609)
]]></system-out>
    <system-err><![CDATA[WARNING: A Java agent has been loaded dynamically (/Users/hashemzerei/.m2/repository/net/bytebuddy/byte-buddy-agent/1.14.12/byte-buddy-agent-1.14.12.jar)
WARNING: If a serviceability tool is in use, please run with -XX:+EnableDynamicAgentLoading to hide this warning
WARNING: If a serviceability tool is not in use, please run with -Djdk.instrument.traceUsage for more information
WARNING: Dynamic loading of agents will be disallowed by default in a future release
]]></system-err>
  </testcase>
</testsuite>